# If this log is to be used for incremental obfuscation / patch generation, 
# add any '.class', '.method', '.field' and '.attribute' restrictions here:


#-DO-NOT-EDIT-BELOW-THIS-LINE------------------DO-NOT-EDIT-BELOW-THIS-LINE--
#
# RetroGuard Bytecode Obfuscator, v1.1.13, a product of Retrologic Systems - www.retrologic.com
#
# Logfile created on Mon Mar 28 11:59:47 GMT+05:30 2005
#
# Jar file to be obfuscated:           Holi_Nokia_S40.jar
# Target Jar file for obfuscated code: AfterObf.jar
# RetroGuard Script file used:         script.rgs
#

# Unrecoverable error during obfuscation:
# java.lang.ClassNotFoundException: com.nokia.mid.ui.FullCanvas
java.lang.ClassNotFoundException: com.nokia.mid.ui.FullCanvas
	at java.net.URLClassLoader$1.run(URLClassLoader.java:198)
	at java.security.AccessController.doPrivileged(Native Method)
	at java.net.URLClassLoader.findClass(URLClassLoader.java:186)
	at java.lang.ClassLoader.loadClass(ClassLoader.java:299)
	at sun.misc.Launcher$AppClassLoader.loadClass(Launcher.java:265)
	at java.lang.ClassLoader.loadClass(ClassLoader.java:255)
	at java.lang.ClassLoader.loadClassInternal(ClassLoader.java:315)
	at java.lang.Class.forName0(Native Method)
	at java.lang.Class.forName(Class.java:140)
	at a.a.a.f.a(Unknown Source)
	at a.a.a.f.a(Unknown Source)
	at a.a.a.f.j(Unknown Source)
	at a.a.a.j$4.a(Unknown Source)
	at a.a.a.j.a(Unknown Source)
	at a.a.a.j.a(Unknown Source)
	at a.a.a.j.a(Unknown Source)
	at a.a.a.j.if(Unknown Source)
	at a.a.a.s.do(Unknown Source)
	at a.a.a.s.a(Unknown Source)
	at RetroGuard.a(Unknown Source)
	at RetroGuard.a(Unknown Source)
	at RetroGuard.main(Unknown Source)

